<?xml version="1.0" encoding="UTF-8" standalone="no"?>
<testsuite errors="0" failures="0" name="io.cucumber.core.plugin.JUnitFormatter" skipped="0" tests="1" time="391.977">
    <testcase classname="OnBoarding New Merchant Choose POS Option" name="&quot;Makro selects Kwika&quot;" time="391.485">
        <system-out><![CDATA[Given The webBrowser is launched............................................passed
Given I am on the merchant landing page "Makro selects Kwika""Makro dealer journey""smmeOnboardingURL""Tebello Ntyingila""".passed
And I Choose Available POS Option "VodaPay Kwika[1]"........................passed
And Submit Personal Details "ASANDA" "KHUMALO" "needle-early@olieygik.mailosaur.net" "0606799922".passed
And I select immediate payment method "4922130001585845""03""2027""904""NONDIPHA LOUW""cardPayment".passed
And I choose ThreeD Secure Option...........................................passed
And I upload ID documents "South African ID card"...........................passed
And I take a selfie.........................................................passed
And Submit business details "Business owner/director" "Miss" "8902210085089" "VFS Payment Testing" "15000" "null" "Computer Software Shop".passed
And Submit Bank Details "Nedbank""Current Cheque Account""1010340824".......passed
And Submit delivery details "House" "4586 Isacholo Crescent" "4586 Isacholo Crescent" "0187" "Blue Golf Estate" "Centurion" "Gauteng" "My business address is the same as my trading address" "Self Onboarding".passed
]]></system-out>
    </testcase>
</testsuite>
