<?xml version="1.0" encoding="UTF-8" standalone="no"?>
<testsuite errors="0" failures="0" name="io.cucumber.core.plugin.JUnitFormatter" skipped="0" tests="1" time="40.698">
<testcase classname="Device Activation" name="&quot;Kwika Activation&quot;" time="40.36">
<system-out><![CDATA[Given The webBrowser is launched............................................passed
Given I am on the merchant landing page "Kwika Activation""Kwika Activation""smmeURL""Tebello Ntyingila""".passed
And Access Device Activation Page...........................................passed
And Submit Merchant details "Business owner/director" "NONDIPHA" "LOUW" "satisfied-by@dggrvtf2.mailosaur.net" "0833721854" "South African" "6807015897087" "4586 Isacholo Crescent" "4586 Isacholo Crescent" "0187" "Blue Golf Estate" "Centurion" "Gauteng" "Device Activation".passed
And Submit Merchant details SF Confirmation "Business owner/director" "NONDIPHA" "LOUW" "satisfied-by@dggrvtf2.mailosaur.net" "0833721854" "South African" "6807015897087" "4586 Isacholo Crescent" "4586 Isacholo Crescent" "0187" "Blue Golf Estate" "Centurion" "Gauteng" "Device Activation".passed
]]></system-out>
</testcase>
</testsuite>
