<?xml version="1.0" encoding="UTF-8" standalone="no"?>
<testsuite errors="0" failures="0" name="io.cucumber.core.plugin.JUnitFormatter" skipped="0" tests="1" time="267.344">
    <testcase classname="OnBoarding New Merchant Choose POS Option" name="&quot;Makro selects VPR&quot;" time="266.879">
        <system-out><![CDATA[Given The webBrowser is launched............................................passed
Given I am on the merchant landing page "Makro selects VPR""Makro dealer journey""smmeOnboardingURL""Tebello Ntyingila""".passed
And I Choose Available POS Option "VodaPay Payment Request[4]"..............passed
And Submit Personal Details "ASANDA" "KHUMALO" "asanda.khumalo@vcontractor.co.za" "0833721856".passed
And I upload ID documents "South African ID card"...........................passed
And I take a Selfie.........................................................passed
And Submit business details "Registered Business" "Business owner/director" "Miss" "8902210085089" "VFS Payment Testing" "1988/000188/23" "Computer Software Shop" "4586 Isacholo Crescent" "My business address is the same as my trading address".passed
And Submit Bank Details "Nedbank""Current Cheque Account""1010340824".......passed
]]></system-out>
    </testcase>
</testsuite>
