<?xml version="1.0" encoding="UTF-8" standalone="no"?>
<testsuite errors="0" failures="0" name="io.cucumber.core.plugin.JUnitFormatter" skipped="0" tests="1" time="216.749">
    <testcase classname="Device Activation" name="&quot;Kwika Activation&quot;" time="216.49">
        <system-out><![CDATA[Given The webBrowser is launched............................................passed
Given I am on the merchant landing page "Kwika Activation""Kwika Activation""deviceActivationUrl""Tebello Ntyingila""".passed
And Submit Personal Details "NONDIPHA" "LOUW" "needle-early@olieygik.mailosaur.net" "0833721854".passed
And I upload ID documents "South African ID card"...........................passed
And I take a selfie.........................................................passed
And Submit business details "Registered Business" "Business owner/director" "Mrs" "6807015897087" "VFS Payment Testing" "1977/001783/07" "Computer Software Shop" "4586 Isacholo Crescent" "My business address is the same as my trading address".passed
And Submit Bank Details "Nedbank""Current Cheque Account""1234567890".......passed
And Submit Barcode Information "K3R0W007700"................................passed
]]></system-out>
    </testcase>
</testsuite>
